TTLocalizer: Running in language: English
OTPLocalizer: Running in language: English
Preloading suits...
Preloading Toon heads...
Preloading avatars...
{401000001: <toontown.distributed.ToontownDistrict.ToontownDistrict instance at 0x20440C10>}
__handleAvatarChooserDone: 100000035, 'Lucky Abigail', ('cls', 'ld', 'l', 'f', (0.96, 0.69, 0.69, 1.0), (1.0, 1.0, 1.0, 1.0), (0.96, 0.69, 0.69, 1.0), (0.96, 0.69, 0.69, 1.0), 16, 27, 0, 7, 4, 8), 0
entered wait for zone redirect
entered wait for set zone response - 2
Reading DNA file... phase_4/dna/storage.pdna
Reading DNA file... phase_3.5/dna/storage_interior.pdna
Reading DNA file... phase_14/dna/storage_CZ.pdna
Reading DNA file... phase_14/dna/storage_CZ_sz.pdna
Reading DNA file... phase_14/dna/construction_zone_sz.pdna
entered wait for zone redirect
entered wait for set zone response - 2
Reading DNA file... phase_5/dna/storage_town.pdna
Reading DNA file... phase_14/dna/storage_CZ_town.pdna
Reading DNA file... phase_14/dna/construction_zone_14100.pdna
entered wait for zone redirect
entered wait for set zone response - 2
Reading DNA file... phase_4/dna/storage.pdna
Reading DNA file... phase_3.5/dna/storage_interior.pdna
Reading DNA file... phase_8/dna/storage_DG.pdna
Reading DNA file... phase_5/dna/storage_town.pdna
Reading DNA file... phase_8/dna/storage_DG_town.pdna
Reading DNA file... phase_8/dna/daisys_garden_5400.pdna
entered wait for zone redirect
entered wait for set zone response - 2
Reading DNA file... phase_4/dna/storage.pdna
Reading DNA file... phase_3.5/dna/storage_interior.pdna
Reading DNA file... phase_14/dna/storage_CZ.pdna
Reading DNA file... phase_5/dna/storage_town.pdna
Reading DNA file... phase_14/dna/storage_CZ_town.pdna
Reading DNA file... phase_14/dna/construction_zone_14100.pdna
entered wait for zone redirect
entered wait for set zone response - 2
Reading DNA file... phase_14/dna/storage_CZ_sz.pdna
Reading DNA file... phase_14/dna/construction_zone_sz.pdna
