TTLocalizer: Running in language: English
OTPLocalizer: Running in language: English
Preloading suits...
Preloading Toon heads...
Preloading avatars...
{401000001: <toontown.distributed.ToontownDistrict.ToontownDistrict instance at 0x20458A30>}
__handleAvatarChooserDone: 100000035, 'Lucky Abigail', ('cls', 'ld', 'l', 'f', (0.96, 0.69, 0.69, 1.0), (1.0, 1.0, 1.0, 1.0), (0.96, 0.69, 0.69, 1.0), (0.96, 0.69, 0.69, 1.0), 16, 27, 0, 7, 4, 8), 0
entered wait for zone redirect
entered wait for set zone response - 2
Reading DNA file... phase_4/dna/storage.pdna
Reading DNA file... phase_3.5/dna/storage_interior.pdna
Reading DNA file... phase_6/dna/storage_OZ.pdna
Reading DNA file... phase_6/dna/storage_OZ_sz.pdna
Reading DNA file... phase_6/dna/outdoor_zone_sz.pdna
TIMER startTime 539
SET TABLE STATE
 GETTING 2 None 0
SET TABLE STATE
 GETTING 2 None 0
SET TABLE STATE
 GETTING 2 None 0
av Pos LPoint3f(49.6735, -146.88, -3.1603)
Camera Hprs toon LVector3f(216.245, 0, 0); lookIn LVector3f(540, -30, 0); final LVector3f(323.755, -30, 0)
Warning: NodePath.remove() is deprecated.  Use remove_node() instead.
